<?xml version="1.0" encoding="UTF-8"?>
<!-- Generated by org.testng.reporters.JUnitReportReporter -->
<testsuite hostname="WCNJX186009-2PU" name="com.xujh.cases.ExecuteCases" tests="4" failures="0" timestamp="9 Nov 2015 03:37:04 GMT" time="142.476" errors="0">
  <testcase name="executeCase" time="0.035" classname="com.xujh.cases.ExecuteCases"/>
  <testcase name="executeCase" time="21.501" classname="com.xujh.cases.ExecuteCases"/>
  <testcase name="executeCase" time="119.525" classname="com.xujh.cases.ExecuteCases"/>
  <testcase name="executeCase" time="1.415" classname="com.xujh.cases.ExecuteCases"/>
</testsuite> <!-- com.xujh.cases.ExecuteCases -->
