<?xml version="1.0" encoding="UTF-8"?>
<!-- Generated by org.testng.reporters.JUnitReportReporter -->
<testsuite hostname="WCNJX186009-2PU" name="com.xujh.testng.FirstDemo" tests="1" failures="0" timestamp="3 Dec 2015 09:56:28 GMT" time="211.400" errors="0">
  <testcase name="dealInvisible2" time="211.400" classname="com.xujh.testng.FirstDemo"/>
</testsuite> <!-- com.xujh.testng.FirstDemo -->
